<?xml version="1.0" encoding="UTF-8"?>
<testng-results ignored="0" total="2" passed="2" failed="0" skipped="0">
  <reporter-output>
  </reporter-output>
  <suite started-at="2024-08-28T13:23:30 IST" name="Default suite" finished-at="2024-08-28T13:23:50 IST" duration-ms="20380">
    <groups>
    </groups>
    <test started-at="2024-08-28T13:23:30 IST" name="Default test" finished-at="2024-08-28T13:23:50 IST" duration-ms="20380">
      <class name="org.romvecart.RemoveCart">
        <test-method is-config="true" signature="openBrowser()[pri:0, instance:org.romvecart.RemoveCart@7a5ceedd]" started-at="2024-08-28T13:23:30 IST" name="openBrowser" finished-at="2024-08-28T13:23:35 IST" duration-ms="5302" status="PASS">
          <reporter-output>
          </reporter-output>
        </test-method> <!-- openBrowser -->
        <test-method signature="serachTheproduct()[pri:0, instance:org.romvecart.RemoveCart@7a5ceedd]" started-at="2024-08-28T13:23:35 IST" name="serachTheproduct" finished-at="2024-08-28T13:23:41 IST" duration-ms="5342" status="PASS">
          <reporter-output>
          </reporter-output>
        </test-method> <!-- serachTheproduct -->
        <test-method signature="SelectAddcartr()[pri:1, instance:org.romvecart.RemoveCart@7a5ceedd]" started-at="2024-08-28T13:23:41 IST" name="SelectAddcartr" finished-at="2024-08-28T13:23:50 IST" duration-ms="9661" status="PASS">
          <reporter-output>
          </reporter-output>
        </test-method> <!-- SelectAddcartr -->
        <test-method is-config="true" signature="CloseBrowser()[pri:0, instance:org.romvecart.RemoveCart@7a5ceedd]" started-at="2024-08-28T13:23:50 IST" name="CloseBrowser" finished-at="2024-08-28T13:23:50 IST" duration-ms="0" status="PASS">
          <reporter-output>
          </reporter-output>
        </test-method> <!-- CloseBrowser -->
      </class> <!-- org.romvecart.RemoveCart -->
    </test> <!-- Default test -->
  </suite> <!-- Default suite -->
</testng-results>
